build/app/outputs/mapping/release/mapping.txt
# compiler: R8
# compiler_version: 1.5.64
# min_api: 16
# pg_map_id: 8153c5a
com.example.x_navigate.MainActivity -> com.example.x_navigate.MainActivity:
    void configureFlutterEngine(io.flutter.embedding.engine.FlutterEngine) -> a
...
com.google.android.gms.common.api.GoogleApi -> com.google.android.gms.common.api.e:
    android.content.Context mContext -> a
    com.google.android.gms.common.api.internal.GoogleApiManager zabp -> g
    com.google.android.gms.common.api.internal.ApiKey zabl -> d
    com.google.android.gms.common.api.internal.StatusExceptionMapper zabo -> f
    int mId -> e
    com.google.android.gms.common.api.Api$ApiOptions zabk -> c
    com.google.android.gms.common.api.Api mApi -> b
    com.google.android.gms.common.internal.ClientSettings$Builder createClientSettingsBuilder() -> a
    com.google.android.gms.tasks.Task doRead(com.google.android.gms.common.api.internal.TaskApiCall) -> a
    com.google.android.gms.tasks.Task doRegisterEventListener(com.google.android.gms.common.api.internal.RegisterListenerMethod,com.google.android.gms.common.api.internal.UnregisterListenerMethod) -> a
    com.google.android.gms.tasks.Task doUnregisterEventListener(com.google.android.gms.common.api.internal.ListenerHolder$ListenerKey) -> a
    com.google.android.gms.common.api.Api$Client zaa(android.os.Looper,com.google.android.gms.common.api.internal.GoogleApiManager$zaa) -> a
    com.google.android.gms.common.api.internal.zace zaa(android.content.Context,android.os.Handler) -> a
    com.google.android.gms.tasks.Task zaa(int,com.google.android.gms.common.api.internal.TaskApiCall) -> a
    java.lang.String zaa(java.lang.Object) -> a
    com.google.android.gms.common.api.internal.ApiKey getApiKey() -> b
com.google.android.gms.common.api.GoogleApi$Settings -> com.google.android.gms.common.api.e$a:
    android.os.Looper zabs -> b
    com.google.android.gms.common.api.internal.StatusExceptionMapper zabr -> a
com.google.android.gms.common.api.GoogleApi$Settings$Builder -> com.google.android.gms.common.api.e$a$a:
    android.os.Looper zabm -> b
    com.google.android.gms.common.api.internal.StatusExceptionMapper zabo -> a
    com.google.android.gms.common.api.GoogleApi$Settings build() -> a
    com.google.android.gms.common.api.GoogleApi$Settings$Builder setMapper(com.google.android.gms.common.api.internal.StatusExceptionMapper) -> a
com.google.android.gms.common.api.GoogleApiActivity -> com.google.android.gms.common.api.GoogleApiActivity:
    int zabu -> a
    android.app.PendingIntent zaa(android.content.Context,android.app.PendingIntent,int) -> a
    android.content.Intent zaa(android.content.Context,android.app.PendingIntent,int,boolean) -> a
com.google.android.gms.common.api.GoogleApiClient -> com.google.android.gms.common.api.f:
com.google.android.gms.common.api.GoogleApiClient$ConnectionCallbacks -> com.google.android.gms.common.api.f$a:
com.google.android.gms.common.api.GoogleApiClient$OnConnectionFailedListener -> com.google.android.gms.common.api.f$b:
com.google.android.gms.common.api.HasApiKey -> com.google.android.gms.common.api.g:
com.google.android.gms.common.api.PendingResult -> com.google.android.gms.common.api.h:
com.google.android.gms.common.api.PendingResult$StatusListener -> com.google.android.gms.common.api.h$a:
    void onComplete(com.google.android.gms.common.api.Status) -> a
com.google.android.gms.common.api.Releasable -> com.google.android.gms.common.api.i:
    void release() -> a
com.google.android.gms.common.api.ResolvableApiException -> com.google.android.gms.common.api.j:
com.google.android.gms.common.api.Result -> com.google.android.gms.common.api.k:
    com.google.android.gms.common.api.Status getStatus() -> a
com.google.android.gms.common.api.ResultCallback -> com.google.android.gms.common.api.l:
    void onResult(com.google.android.gms.common.api.Result) -> a
com.google.android.gms.common.api.Scope -> com.google.android.gms.common.api.Scope:
    java.lang.String zzbc -> b
    int zzq -> a
    java.lang.String getScopeUri() -> b